# JRE version: OpenJDK Runtime Environment (8.0_242-b01) (build 1.8.0_242-release-1644-b01)
# Java VM: OpenJDK 64-Bit Server VM (25.242-b01 mixed mode windows-amd64 compressed oops)
Heap:
 PSYoungGen      total 360448K, used 115449K [0x00000000d5580000, 0x00000000f0400000, 0x0000000100000000)
  eden space 319488K, 30% used [0x00000000d5580000,0x00000000db450148,0x00000000e8d80000)
  from space 40960K, 44% used [0x00000000e8d80000,0x00000000e9f6e5b0,0x00000000eb580000)
  to   space 38400K, 0% used [0x00000000ede80000,0x00000000ede80000,0x00000000f0400000)
 ParOldGen       total 311296K, used 69358K [0x0000000080000000, 0x0000000093000000, 0x00000000d5580000)
  object space 311296K, 22% used [0x0000000080000000,0x00000000843bb9d0,0x0000000093000000)
 Metaspace       used 99717K, capacity 104903K, committed 105000K, reserved 1140736K
  class space    used 13090K, capacity 14086K, committed 14144K, reserved 1048576K
GC Heap History (10 events):
Event: 85.615 GC heap before
{Heap before GC invocations=17 (full 3):
 PSYoungGen      total 268800K, used 268787K [0x00000000d5580000, 0x00000000ea100000, 0x0000000100000000)
  eden space 247296K, 100% used [0x00000000d5580000,0x00000000e4700000,0x00000000e4700000)
  from space 21504K, 99% used [0x00000000e4700000,0x00000000e5bfcd68,0x00000000e5c00000)
  to   space 26112K, 0% used [0x00000000e8780000,0x00000000e8780000,0x00000000ea100000)
 ParOldGen       total 208896K, used 37868K [0x0000000080000000, 0x000000008cc00000, 0x00000000d5580000)
  object space 208896K, 18% used [0x0000000080000000,0x00000000824fb338,0x000000008cc00000)
 Metaspace       used 82203K, capacity 85922K, committed 86040K, reserved 1124352K
  class space    used 10796K, capacity 11474K, committed 11568K, reserved 1048576K
Event: 85.657 GC heap after
Heap after GC invocations=17 (full 3):
 PSYoungGen      total 306176K, used 26089K [0x00000000d5580000, 0x00000000ea500000, 0x0000000100000000)
  eden space 280064K, 0% used [0x00000000d5580000,0x00000000d5580000,0x00000000e6700000)
  from space 26112K, 99% used [0x00000000e8780000,0x00000000ea0fa4f0,0x00000000ea100000)
  to   space 31744K, 0% used [0x00000000e6700000,0x00000000e6700000,0x00000000e8600000)
 ParOldGen       total 208896K, used 42663K [0x0000000080000000, 0x000000008cc00000, 0x00000000d5580000)
  object space 208896K, 20% used [0x0000000080000000,0x00000000829a9de8,0x000000008cc00000)
 Metaspace       used 82203K, capacity 85922K, committed 86040K, reserved 1124352K
  class space    used 10796K, capacity 11474K, committed 11568K, reserved 1048576K
}
Event: 89.826 GC heap before
{Heap before GC invocations=18 (full 3):
 PSYoungGen      total 306176K, used 306153K [0x00000000d5580000, 0x00000000ea500000, 0x0000000100000000)
  eden space 280064K, 100% used [0x00000000d5580000,0x00000000e6700000,0x00000000e6700000)
  from space 26112K, 99% used [0x00000000e8780000,0x00000000ea0fa4f0,0x00000000ea100000)
  to   space 31744K, 0% used [0x00000000e6700000,0x00000000e6700000,0x00000000e8600000)
 ParOldGen       total 208896K, used 42663K [0x0000000080000000, 0x000000008cc00000, 0x00000000d5580000)
  object space 208896K, 20% used [0x0000000080000000,0x00000000829a9de8,0x000000008cc00000)
 Metaspace       used 88769K, capacity 92872K, committed 93080K, reserved 1130496K
  class space    used 11639K, capacity 12416K, committed 12464K, reserved 1048576K
Event: 89.911 GC heap after
Heap after GC invocations=18 (full 3):
 PSYoungGen      total 311808K, used 31450K [0x00000000d5580000, 0x00000000ed880000, 0x0000000100000000)
  eden space 280064K, 0% used [0x00000000d5580000,0x00000000d5580000,0x00000000e6700000)
  from space 31744K, 99% used [0x00000000e6700000,0x00000000e85b6a78,0x00000000e8600000)
  to   space 35840K, 0% used [0x00000000eb580000,0x00000000eb580000,0x00000000ed880000)
 ParOldGen       total 208896K, used 53239K [0x0000000080000000, 0x000000008cc00000, 0x00000000d5580000)
  object space 208896K, 25% used [0x0000000080000000,0x00000000833fdc98,0x000000008cc00000)
 Metaspace       used 88769K, capacity 92872K, committed 93080K, reserved 1130496K
  class space    used 11639K, capacity 12416K, committed 12464K, reserved 1048576K
}
Event: 91.085 GC heap before
{Heap before GC invocations=19 (full 3):
 PSYoungGen      total 311808K, used 107136K [0x00000000d5580000, 0x00000000ed880000, 0x0000000100000000)
  eden space 280064K, 27% used [0x00000000d5580000,0x00000000d9f696c0,0x00000000e6700000)
  from space 31744K, 99% used [0x00000000e6700000,0x00000000e85b6a78,0x00000000e8600000)
  to   space 35840K, 0% used [0x00000000eb580000,0x00000000eb580000,0x00000000ed880000)
 ParOldGen       total 208896K, used 53239K [0x0000000080000000, 0x000000008cc00000, 0x00000000d5580000)
  object space 208896K, 25% used [0x0000000080000000,0x00000000833fdc98,0x000000008cc00000)
 Metaspace       used 93720K, capacity 98469K, committed 98600K, reserved 1134592K
  class space    used 12401K, capacity 13376K, committed 13376K, reserved 1048576K
Event: 91.125 GC heap after
Heap after GC invocations=19 (full 3):
 PSYoungGen      total 355328K, used 34863K [0x00000000d5580000, 0x00000000eef00000, 0x0000000100000000)
  eden space 319488K, 0% used [0x00000000d5580000,0x00000000d5580000,0x00000000e8d80000)
  from space 35840K, 97% used [0x00000000eb580000,0x00000000ed78bdd8,0x00000000ed880000)
  to   space 40960K, 0% used [0x00000000e8d80000,0x00000000e8d80000,0x00000000eb580000)
 ParOldGen       total 208896K, used 53247K [0x0000000080000000, 0x000000008cc00000, 0x00000000d5580000)
  object space 208896K, 25% used [0x0000000080000000,0x00000000833ffc98,0x000000008cc00000)
 Metaspace       used 93720K, capacity 98469K, committed 98600K, reserved 1134592K
  class space    used 12401K, capacity 13376K, committed 13376K, reserved 1048576K
}
Event: 91.125 GC heap before
{Heap before GC invocations=20 (full 4):
 PSYoungGen      total 355328K, used 34863K [0x00000000d5580000, 0x00000000eef00000, 0x0000000100000000)
  eden space 319488K, 0% used [0x00000000d5580000,0x00000000d5580000,0x00000000e8d80000)
  from space 35840K, 97% used [0x00000000eb580000,0x00000000ed78bdd8,0x00000000ed880000)
  to   space 40960K, 0% used [0x00000000e8d80000,0x00000000e8d80000,0x00000000eb580000)
 ParOldGen       total 208896K, used 53247K [0x0000000080000000, 0x000000008cc00000, 0x00000000d5580000)
  object space 208896K, 25% used [0x0000000080000000,0x00000000833ffc98,0x000000008cc00000)
 Metaspace       used 93720K, capacity 98469K, committed 98600K, reserved 1134592K
  class space    used 12401K, capacity 13376K, committed 13376K, reserved 1048576K
Event: 91.467 GC heap after
Heap after GC invocations=20 (full 4):
 PSYoungGen      total 355328K, used 0K [0x00000000d5580000, 0x00000000eef00000, 0x0000000100000000)
  eden space 319488K, 0% used [0x00000000d5580000,0x00000000d5580000,0x00000000e8d80000)
  from space 35840K, 0% used [0x00000000eb580000,0x00000000eb580000,0x00000000ed880000)
  to   space 40960K, 0% used [0x00000000e8d80000,0x00000000e8d80000,0x00000000eb580000)
 ParOldGen       total 311296K, used 69350K [0x0000000080000000, 0x0000000093000000, 0x00000000d5580000)
  object space 311296K, 22% used [0x0000000080000000,0x00000000843b99d0,0x0000000093000000)
 Metaspace       used 93271K, capacity 97429K, committed 98600K, reserved 1134592K
  class space    used 12240K, capacity 13084K, committed 13376K, reserved 1048576K
}
Event: 96.336 GC heap before
{Heap before GC invocations=21 (full 4):
 PSYoungGen      total 355328K, used 319488K [0x00000000d5580000, 0x00000000eef00000, 0x0000000100000000)
  eden space 319488K, 100% used [0x00000000d5580000,0x00000000e8d80000,0x00000000e8d80000)
  from space 35840K, 0% used [0x00000000eb580000,0x00000000eb580000,0x00000000ed880000)
  to   space 40960K, 0% used [0x00000000e8d80000,0x00000000e8d80000,0x00000000eb580000)
 ParOldGen       total 311296K, used 69350K [0x0000000080000000, 0x0000000093000000, 0x00000000d5580000)
  object space 311296K, 22% used [0x0000000080000000,0x00000000843b99d0,0x0000000093000000)
 Metaspace       used 99616K, capacity 104791K, committed 105000K, reserved 1140736K
  class space    used 13079K, capacity 14076K, committed 14144K, reserved 1048576K
Event: 96.355 GC heap after
Heap after GC invocations=21 (full 4):
 PSYoungGen      total 360448K, used 18361K [0x00000000d5580000, 0x00000000f0400000, 0x0000000100000000)
  eden space 319488K, 0% used [0x00000000d5580000,0x00000000d5580000,0x00000000e8d80000)
  from space 40960K, 44% used [0x00000000e8d80000,0x00000000e9f6e5b0,0x00000000eb580000)
  to   space 38400K, 0% used [0x00000000ede80000,0x00000000ede80000,0x00000000f0400000)
 ParOldGen       total 311296K, used 69358K [0x0000000080000000, 0x0000000093000000, 0x00000000d5580000)
  object space 311296K, 22% used [0x0000000080000000,0x00000000843bb9d0,0x0000000093000000)
 Metaspace       used 99616K, capacity 104791K, committed 105000K, reserved 1140736K
  class space    used 13079K, capacity 14076K, committed 14144K, reserved 1048576K
}

